# JRE version: OpenJDK Runtime Environment (11.0.17+8) (build 11.0.17+8-post-Ubuntu-1ubuntu222.04)
# Java VM: OpenJDK 64-Bit Server VM (11.0.17+8-post-Ubuntu-1ubuntu222.04, mixed mode, sharing, tiered, compressed oops, serial gc, linux-amd64)
Heap:
 def new generation   total 262656K, used 9344K [0x00000000c0000000, 0x00000000d1d00000, 0x00000000d5550000)
  eden space 233472K,   4% used [0x00000000c0000000, 0x00000000c0920158, 0x00000000ce400000)
  from space 29184K,   0% used [0x00000000ce400000, 0x00000000ce400000, 0x00000000d0080000)
  to   space 29184K,   0% used [0x00000000d0080000, 0x00000000d0080000, 0x00000000d1d00000)
 tenured generation   total 583616K, used 350168K [0x00000000d5550000, 0x00000000f8f40000, 0x0000000100000000)
   the space 583616K,  59% used [0x00000000d5550000, 0x00000000eab46168, 0x00000000eab46200, 0x00000000f8f40000)
 Metaspace       used 3511K, capacity 5413K, committed 5760K, reserved 1056768K
  class space    used 316K, capacity 543K, committed 640K, reserved 1048576K
GC Heap History (20 events):
Event: 100.519 GC heap before
{Heap before GC invocations=49 (full 30):
 def new generation   total 133568K, used 10K [0x00000000c0000000, 0x00000000c90e0000, 0x00000000d5550000)
  eden space 118784K,   0% used [0x00000000c0000000, 0x00000000c00029c8, 0x00000000c7400000)
  from space 14784K,   0% used [0x00000000c7400000, 0x00000000c7400000, 0x00000000c8270000)
  to   space 14784K,   0% used [0x00000000c8270000, 0x00000000c8270000, 0x00000000c90e0000)
 tenured generation   total 296620K, used 177971K [0x00000000d5550000, 0x00000000e76fb000, 0x0000000100000000)
   the space 296620K,  59% used [0x00000000d5550000, 0x00000000e031cfe8, 0x00000000e031d000, 0x00000000e76fb000)
 Metaspace       used 3431K, capacity 5467K, committed 5760K, reserved 1056768K
  class space    used 310K, capacity 560K, committed 640K, reserved 1048576K
}
Event: 101.175 GC heap after
{Heap after GC invocations=50 (full 31):
 def new generation   total 133568K, used 0K [0x00000000c0000000, 0x00000000c90e0000, 0x00000000d5550000)
  eden space 118784K,   0% used [0x00000000c0000000, 0x00000000c0000000, 0x00000000c7400000)
  from space 14784K,   0% used [0x00000000c7400000, 0x00000000c7400000, 0x00000000c8270000)
  to   space 14784K,   0% used [0x00000000c8270000, 0x00000000c8270000, 0x00000000c90e0000)
 tenured generation   total 296620K, used 177972K [0x00000000d5550000, 0x00000000e76fb000, 0x0000000100000000)
   the space 296620K,  60% used [0x00000000d5550000, 0x00000000e031d020, 0x00000000e031d200, 0x00000000e76fb000)
 Metaspace       used 3431K, capacity 5467K, committed 5760K, reserved 1056768K
  class space    used 310K, capacity 560K, committed 640K, reserved 1048576K
}
Event: 101.431 GC heap before
{Heap before GC invocations=50 (full 31):
 def new generation   total 133568K, used 10K [0x00000000c0000000, 0x00000000c90e0000, 0x00000000d5550000)
  eden space 118784K,   0% used [0x00000000c0000000, 0x00000000c00029c8, 0x00000000c7400000)
  from space 14784K,   0% used [0x00000000c7400000, 0x00000000c7400000, 0x00000000c8270000)
  to   space 14784K,   0% used [0x00000000c8270000, 0x00000000c8270000, 0x00000000c90e0000)
 tenured generation   total 296620K, used 177972K [0x00000000d5550000, 0x00000000e76fb000, 0x0000000100000000)
   the space 296620K,  60% used [0x00000000d5550000, 0x00000000e031d020, 0x00000000e031d200, 0x00000000e76fb000)
 Metaspace       used 3431K, capacity 5467K, committed 5760K, reserved 1056768K
  class space    used 310K, capacity 560K, committed 640K, reserved 1048576K
}
Event: 102.093 GC heap after
{Heap after GC invocations=51 (full 32):
 def new generation   total 133568K, used 0K [0x00000000c0000000, 0x00000000c90e0000, 0x00000000d5550000)
  eden space 118784K,   0% used [0x00000000c0000000, 0x00000000c0000000, 0x00000000c7400000)
  from space 14784K,   0% used [0x00000000c7400000, 0x00000000c7400000, 0x00000000c8270000)
  to   space 14784K,   0% used [0x00000000c8270000, 0x00000000c8270000, 0x00000000c90e0000)
 tenured generation   total 296620K, used 177971K [0x00000000d5550000, 0x00000000e76fb000, 0x0000000100000000)
   the space 296620K,  59% used [0x00000000d5550000, 0x00000000e031cf40, 0x00000000e031d000, 0x00000000e76fb000)
 Metaspace       used 3431K, capacity 5467K, committed 5760K, reserved 1056768K
  class space    used 310K, capacity 560K, committed 640K, reserved 1048576K
}
Event: 102.450 GC heap before
{Heap before GC invocations=51 (full 32):
 def new generation   total 133568K, used 10K [0x00000000c0000000, 0x00000000c90e0000, 0x00000000d5550000)
  eden space 118784K,   0% used [0x00000000c0000000, 0x00000000c00029c8, 0x00000000c7400000)
  from space 14784K,   0% used [0x00000000c7400000, 0x00000000c7400000, 0x00000000c8270000)
  to   space 14784K,   0% used [0x00000000c8270000, 0x00000000c8270000, 0x00000000c90e0000)
 tenured generation   total 296620K, used 177971K [0x00000000d5550000, 0x00000000e76fb000, 0x0000000100000000)
   the space 296620K,  59% used [0x00000000d5550000, 0x00000000e031cf40, 0x00000000e031d000, 0x00000000e76fb000)
 Metaspace       used 3431K, capacity 5467K, committed 5760K, reserved 1056768K
  class space    used 310K, capacity 560K, committed 640K, reserved 1048576K
}
Event: 103.114 GC heap after
{Heap after GC invocations=52 (full 33):
 def new generation   total 133568K, used 0K [0x00000000c0000000, 0x00000000c90e0000, 0x00000000d5550000)
  eden space 118784K,   0% used [0x00000000c0000000, 0x00000000c0000000, 0x00000000c7400000)
  from space 14784K,   0% used [0x00000000c7400000, 0x00000000c7400000, 0x00000000c8270000)
  to   space 14784K,   0% used [0x00000000c8270000, 0x00000000c8270000, 0x00000000c90e0000)
 tenured generation   total 296620K, used 177971K [0x00000000d5550000, 0x00000000e76fb000, 0x0000000100000000)
   the space 296620K,  59% used [0x00000000d5550000, 0x00000000e031cf78, 0x00000000e031d000, 0x00000000e76fb000)
 Metaspace       used 3431K, capacity 5467K, committed 5760K, reserved 1056768K
  class space    used 310K, capacity 560K, committed 640K, reserved 1048576K
}
Event: 105.324 GC heap before
{Heap before GC invocations=52 (full 33):
 def new generation   total 133568K, used 10K [0x00000000c0000000, 0x00000000c90e0000, 0x00000000d5550000)
  eden space 118784K,   0% used [0x00000000c0000000, 0x00000000c00029c8, 0x00000000c7400000)
  from space 14784K,   0% used [0x00000000c7400000, 0x00000000c7400000, 0x00000000c8270000)
  to   space 14784K,   0% used [0x00000000c8270000, 0x00000000c8270000, 0x00000000c90e0000)
 tenured generation   total 296620K, used 177971K [0x00000000d5550000, 0x00000000e76fb000, 0x0000000100000000)
   the space 296620K,  59% used [0x00000000d5550000, 0x00000000e031cf78, 0x00000000e031d000, 0x00000000e76fb000)
 Metaspace       used 3431K, capacity 5467K, committed 5760K, reserved 1056768K
  class space    used 310K, capacity 560K, committed 640K, reserved 1048576K
}
Event: 106.093 GC heap after
{Heap after GC invocations=53 (full 34):
 def new generation   total 133568K, used 0K [0x00000000c0000000, 0x00000000c90e0000, 0x00000000d5550000)
  eden space 118784K,   0% used [0x00000000c0000000, 0x00000000c0000000, 0x00000000c7400000)
  from space 14784K,   0% used [0x00000000c7400000, 0x00000000c7400000, 0x00000000c8270000)
  to   space 14784K,   0% used [0x00000000c8270000, 0x00000000c8270000, 0x00000000c90e0000)
 tenured generation   total 296620K, used 177971K [0x00000000d5550000, 0x00000000e76fb000, 0x0000000100000000)
   the space 296620K,  59% used [0x00000000d5550000, 0x00000000e031cfb0, 0x00000000e031d000, 0x00000000e76fb000)
 Metaspace       used 3431K, capacity 5467K, committed 5760K, reserved 1056768K
  class space    used 310K, capacity 560K, committed 640K, reserved 1048576K
}
Event: 108.487 GC heap before
{Heap before GC invocations=53 (full 34):
 def new generation   total 133568K, used 10K [0x00000000c0000000, 0x00000000c90e0000, 0x00000000d5550000)
  eden space 118784K,   0% used [0x00000000c0000000, 0x00000000c00029c8, 0x00000000c7400000)
  from space 14784K,   0% used [0x00000000c7400000, 0x00000000c7400000, 0x00000000c8270000)
  to   space 14784K,   0% used [0x00000000c8270000, 0x00000000c8270000, 0x00000000c90e0000)
 tenured generation   total 296620K, used 177971K [0x00000000d5550000, 0x00000000e76fb000, 0x0000000100000000)
   the space 296620K,  59% used [0x00000000d5550000, 0x00000000e031cfb0, 0x00000000e031d000, 0x00000000e76fb000)
 Metaspace       used 3431K, capacity 5467K, committed 5760K, reserved 1056768K
  class space    used 310K, capacity 560K, committed 640K, reserved 1048576K
}
Event: 109.168 GC heap after
{Heap after GC invocations=54 (full 35):
 def new generation   total 133568K, used 0K [0x00000000c0000000, 0x00000000c90e0000, 0x00000000d5550000)
  eden space 118784K,   0% used [0x00000000c0000000, 0x00000000c0000000, 0x00000000c7400000)
  from space 14784K,   0% used [0x00000000c7400000, 0x00000000c7400000, 0x00000000c8270000)
  to   space 14784K,   0% used [0x00000000c8270000, 0x00000000c8270000, 0x00000000c90e0000)
 tenured generation   total 296620K, used 177971K [0x00000000d5550000, 0x00000000e76fb000, 0x0000000100000000)
   the space 296620K,  59% used [0x00000000d5550000, 0x00000000e031cfe8, 0x00000000e031d000, 0x00000000e76fb000)
 Metaspace       used 3431K, capacity 5467K, committed 5760K, reserved 1056768K
  class space    used 310K, capacity 560K, committed 640K, reserved 1048576K
}
Event: 109.815 GC heap before
{Heap before GC invocations=54 (full 35):
 def new generation   total 133568K, used 10K [0x00000000c0000000, 0x00000000c90e0000, 0x00000000d5550000)
  eden space 118784K,   0% used [0x00000000c0000000, 0x00000000c00029c8, 0x00000000c7400000)
  from space 14784K,   0% used [0x00000000c7400000, 0x00000000c7400000, 0x00000000c8270000)
  to   space 14784K,   0% used [0x00000000c8270000, 0x00000000c8270000, 0x00000000c90e0000)
 tenured generation   total 296620K, used 177971K [0x00000000d5550000, 0x00000000e76fb000, 0x0000000100000000)
   the space 296620K,  59% used [0x00000000d5550000, 0x00000000e031cfe8, 0x00000000e031d000, 0x00000000e76fb000)
 Metaspace       used 3431K, capacity 5467K, committed 5760K, reserved 1056768K
  class space    used 310K, capacity 560K, committed 640K, reserved 1048576K
}
Event: 110.503 GC heap after
{Heap after GC invocations=55 (full 36):
 def new generation   total 133568K, used 0K [0x00000000c0000000, 0x00000000c90e0000, 0x00000000d5550000)
  eden space 118784K,   0% used [0x00000000c0000000, 0x00000000c0000000, 0x00000000c7400000)
  from space 14784K,   0% used [0x00000000c7400000, 0x00000000c7400000, 0x00000000c8270000)
  to   space 14784K,   0% used [0x00000000c8270000, 0x00000000c8270000, 0x00000000c90e0000)
 tenured generation   total 296620K, used 177971K [0x00000000d5550000, 0x00000000e76fb000, 0x0000000100000000)
   the space 296620K,  59% used [0x00000000d5550000, 0x00000000e031cf40, 0x00000000e031d000, 0x00000000e76fb000)
 Metaspace       used 3431K, capacity 5467K, committed 5760K, reserved 1056768K
  class space    used 310K, capacity 560K, committed 640K, reserved 1048576K
}
Event: 111.234 GC heap before
{Heap before GC invocations=55 (full 36):
 def new generation   total 133568K, used 10K [0x00000000c0000000, 0x00000000c90e0000, 0x00000000d5550000)
  eden space 118784K,   0% used [0x00000000c0000000, 0x00000000c00029c8, 0x00000000c7400000)
  from space 14784K,   0% used [0x00000000c7400000, 0x00000000c7400000, 0x00000000c8270000)
  to   space 14784K,   0% used [0x00000000c8270000, 0x00000000c8270000, 0x00000000c90e0000)
 tenured generation   total 296620K, used 177971K [0x00000000d5550000, 0x00000000e76fb000, 0x0000000100000000)
   the space 296620K,  59% used [0x00000000d5550000, 0x00000000e031cf40, 0x00000000e031d000, 0x00000000e76fb000)
 Metaspace       used 3431K, capacity 5467K, committed 5760K, reserved 1056768K
  class space    used 310K, capacity 560K, committed 640K, reserved 1048576K
}
Event: 111.943 GC heap after
{Heap after GC invocations=56 (full 37):
 def new generation   total 133568K, used 0K [0x00000000c0000000, 0x00000000c90e0000, 0x00000000d5550000)
  eden space 118784K,   0% used [0x00000000c0000000, 0x00000000c0000000, 0x00000000c7400000)
  from space 14784K,   0% used [0x00000000c7400000, 0x00000000c7400000, 0x00000000c8270000)
  to   space 14784K,   0% used [0x00000000c8270000, 0x00000000c8270000, 0x00000000c90e0000)
 tenured generation   total 296620K, used 177971K [0x00000000d5550000, 0x00000000e76fb000, 0x0000000100000000)
   the space 296620K,  59% used [0x00000000d5550000, 0x00000000e031cf78, 0x00000000e031d000, 0x00000000e76fb000)
 Metaspace       used 3431K, capacity 5467K, committed 5760K, reserved 1056768K
  class space    used 310K, capacity 560K, committed 640K, reserved 1048576K
}
Event: 2287.767 GC heap before
{Heap before GC invocations=56 (full 37):
 def new generation   total 133568K, used 118784K [0x00000000c0000000, 0x00000000c90e0000, 0x00000000d5550000)
  eden space 118784K, 100% used [0x00000000c0000000, 0x00000000c7400000, 0x00000000c7400000)
  from space 14784K,   0% used [0x00000000c7400000, 0x00000000c7400000, 0x00000000c8270000)
  to   space 14784K,   0% used [0x00000000c8270000, 0x00000000c8270000, 0x00000000c90e0000)
 tenured generation   total 296620K, used 177971K [0x00000000d5550000, 0x00000000e76fb000, 0x0000000100000000)
   the space 296620K,  59% used [0x00000000d5550000, 0x00000000e031cf78, 0x00000000e031d000, 0x00000000e76fb000)
 Metaspace       used 3432K, capacity 5467K, committed 5760K, reserved 1056768K
  class space    used 310K, capacity 560K, committed 640K, reserved 1048576K
}
Event: 2288.685 GC heap after
{Heap after GC invocations=57 (full 37):
 def new generation   total 133568K, used 14784K [0x00000000c0000000, 0x00000000c90e0000, 0x00000000d5550000)
  eden space 118784K,   0% used [0x00000000c0000000, 0x00000000c0000000, 0x00000000c7400000)
  from space 14784K, 100% used [0x00000000c8270000, 0x00000000c90e0000, 0x00000000c90e0000)
  to   space 14784K,   0% used [0x00000000c7400000, 0x00000000c7400000, 0x00000000c8270000)
 tenured generation   total 296620K, used 237449K [0x00000000d5550000, 0x00000000e76fb000, 0x0000000100000000)
   the space 296620K,  80% used [0x00000000d5550000, 0x00000000e3d32558, 0x00000000e3d32600, 0x00000000e76fb000)
 Metaspace       used 3432K, capacity 5467K, committed 5760K, reserved 1056768K
  class space    used 310K, capacity 560K, committed 640K, reserved 1048576K
}
Event: 2289.007 GC heap before
{Heap before GC invocations=57 (full 37):
 def new generation   total 133568K, used 133568K [0x00000000c0000000, 0x00000000c90e0000, 0x00000000d5550000)
  eden space 118784K, 100% used [0x00000000c0000000, 0x00000000c7400000, 0x00000000c7400000)
  from space 14784K, 100% used [0x00000000c8270000, 0x00000000c90e0000, 0x00000000c90e0000)
  to   space 14784K,   0% used [0x00000000c7400000, 0x00000000c7400000, 0x00000000c8270000)
 tenured generation   total 296620K, used 237449K [0x00000000d5550000, 0x00000000e76fb000, 0x0000000100000000)
   the space 296620K,  80% used [0x00000000d5550000, 0x00000000e3d32558, 0x00000000e3d32600, 0x00000000e76fb000)
 Metaspace       used 3432K, capacity 5467K, committed 5760K, reserved 1056768K
  class space    used 310K, capacity 560K, committed 640K, reserved 1048576K
}
Event: 2313.075 GC heap after
{Heap after GC invocations=58 (full 38):
 def new generation   total 232896K, used 14679K [0x00000000c0000000, 0x00000000cfcb0000, 0x00000000d5550000)
  eden space 207040K,   7% used [0x00000000c0000000, 0x00000000c0e55eb8, 0x00000000cca30000)
  from space 25856K,   0% used [0x00000000cca30000, 0x00000000cca30000, 0x00000000ce370000)
  to   space 25856K,   0% used [0x00000000ce370000, 0x00000000ce370000, 0x00000000cfcb0000)
 tenured generation   total 517408K, used 310443K [0x00000000d5550000, 0x00000000f4e98000, 0x0000000100000000)
   the space 517408K,  59% used [0x00000000d5550000, 0x00000000e847afe8, 0x00000000e847b000, 0x00000000f4e98000)
 Metaspace       used 3384K, capacity 5395K, committed 5760K, reserved 1056768K
  class space    used 299K, capacity 539K, committed 640K, reserved 1048576K
}
Event: 2353.938 GC heap before
{Heap before GC invocations=58 (full 38):
 def new generation   total 232896K, used 140146K [0x00000000c0000000, 0x00000000cfcb0000, 0x00000000d5550000)
  eden space 207040K,  67% used [0x00000000c0000000, 0x00000000c88dcb80, 0x00000000cca30000)
  from space 25856K,   0% used [0x00000000cca30000, 0x00000000cca30000, 0x00000000ce370000)
  to   space 25856K,   0% used [0x00000000ce370000, 0x00000000ce370000, 0x00000000cfcb0000)
 tenured generation   total 517408K, used 310443K [0x00000000d5550000, 0x00000000f4e98000, 0x0000000100000000)
   the space 517408K,  59% used [0x00000000d5550000, 0x00000000e847afe8, 0x00000000e847b000, 0x00000000f4e98000)
 Metaspace       used 3512K, capacity 5425K, committed 5760K, reserved 1056768K
  class space    used 316K, capacity 545K, committed 640K, reserved 1048576K
}
Event: 2384.577 GC heap after
{Heap after GC invocations=59 (full 39):
 def new generation   total 262656K, used 0K [0x00000000c0000000, 0x00000000d1d00000, 0x00000000d5550000)
  eden space 233472K,   0% used [0x00000000c0000000, 0x00000000c0000000, 0x00000000ce400000)
  from space 29184K,   0% used [0x00000000ce400000, 0x00000000ce400000, 0x00000000d0080000)
  to   space 29184K,   0% used [0x00000000d0080000, 0x00000000d0080000, 0x00000000d1d00000)
 tenured generation   total 583616K, used 350168K [0x00000000d5550000, 0x00000000f8f40000, 0x0000000100000000)
   the space 583616K,  59% used [0x00000000d5550000, 0x00000000eab46168, 0x00000000eab46200, 0x00000000f8f40000)
 Metaspace       used 3504K, capacity 5413K, committed 5760K, reserved 1056768K
  class space    used 315K, capacity 543K, committed 640K, reserved 1048576K
}

